============================= test session starts =============================
platform win32 -- Python 3.11.9, pytest-9.0.2, pluggy-1.6.0 -- C:\Users\krish\OneDrive\Desktop\fake_news\.venv\Scripts\python.exe
cachedir: .pytest_cache
rootdir: C:\Users\krish\OneDrive\Desktop\fake_news
plugins: anyio-4.11.0
collecting ... collected 0 items

============================== warnings summary ===============================
<frozen importlib._bootstrap>:241
<frozen importlib._bootstrap>:241
  <frozen importlib._bootstrap>:241: DeprecationWarning: builtin type SwigPyPacked has no __module__ attribute

<frozen importlib._bootstrap>:241
<frozen importlib._bootstrap>:241
  <frozen importlib._bootstrap>:241: DeprecationWarning: builtin type SwigPyObject has no __module__ attribute

<frozen importlib._bootstrap>:241
  <frozen importlib._bootstrap>:241: DeprecationWarning: builtin type swigvarlink has no __module__ attribute

-- Docs: https://docs.pytest.org/en/stable/how-to/capture-warnings.html
!!!!!!!!!!!!!!!!!!!!!!!!!!!!!! KeyboardInterrupt !!!!!!!!!!!!!!!!!!!!!!!!!!!!!!
C:\Users\krish\OneDrive\Desktop\fake_news\.venv\Lib\site-packages\torch\nn\modules\batchnorm.py:208: KeyboardInterrupt
(to show a full traceback on KeyboardInterrupt use --full-trace)
============================= 5 warnings in 2.89s =============================
sys:1: DeprecationWarning: builtin type swigvarlink has no __module__ attribute
